<?xml version="1.0" encoding="UTF-8"?>
<!-- Generated by org.testng.reporters.JUnitReportReporter -->
<testsuite name="com.tyremarket.Utilities.Create_TestNGXML" tests="1" time="68.536" ignored="0" failures="0" timestamp="15 Apr 2019 09:14:07 GMT" skipped="0" hostname="SIPL-SU142" errors="0">
  <testcase name="createXMLfile" time="68.536" classname="com.tyremarket.Utilities.Create_TestNGXML"/>
</testsuite> <!-- com.tyremarket.Utilities.Create_TestNGXML -->
