<?xml version="1.0" encoding="UTF-8"?>
<!-- Generated by org.testng.reporters.JUnitReportReporter -->
<testsuite name="com.tyremarket.Tests.AddToCartByFilter_Brand_Test" tests="1" time="64.186" ignored="0" failures="0" timestamp="15 Apr 2019 09:14:07 GMT" skipped="0" hostname="SIPL-SU142" errors="0">
  <testcase name="TC_filterTyreBrand_addToCart" time="64.186" classname="com.tyremarket.Tests.AddToCartByFilter_Brand_Test"/>
</testsuite> <!-- com.tyremarket.Tests.AddToCartByFilter_Brand_Test -->
