<?xml version="1.0" encoding="UTF-8"?>
<!-- Generated by org.testng.reporters.JUnitReportReporter -->
<testsuite name="demo.GetList" tests="1" time="53.581" ignored="0" failures="0" timestamp="10 Apr 2019 06:36:49 GMT" skipped="0" hostname="SIPL-SU142" errors="0">
  <testcase name="getListItem" time="53.581" classname="demo.GetList"/>
</testsuite> <!-- demo.GetList -->
